concept:
Tours in the philippines (old) -111818
Astro (current) -111918

pages:
index.html (tours) -111818
index.html (astro) - 111918

assets:
-css
style.css (tours) -111818
style.css (astro) -111918

-images
landingpage.jpg -111818
bg1.jpg -111918
bg1.2.jpg -111918

-----------------------------
112018
style.css
-fixed broken links

bg1.jpg ren index/bg.jpg
bg1.2.jpg ren home/bg.jpg

home.html included


10:05pm
index.html
-fixed display:
responsiveness of landing page
-insert new placeholder links elements:
Lester Jan Gamier
FullStack Web Developer
-fixed broken links
------------------------------
112118
12:18am
home.html => home-old.html
homeworking.html => home.html

home.html
-fixed home page
-insert navigation bar
-insert "about the stars section"

10:43am
create about.hmtl
-insert carousel at landing point
-fixed navbar
-insert about the company section:
	mission
	vision
-insert javascript for events in company section
-start creating services section
-ongoing creation of javascript function for cards in the services section

style.css
-insert design for about.html

09:00pm
about.html
-finished template
-fix services section
-fix javascript function for card buttons

create contact.html
-insert nav
-insert contact form
-insert map form
-insert footer

gallery.html
-insert nav
-insert carousel
-insert modals
-insert cards

style.css
-updated styles for about.html, contact.html, gallery.html